<?xml version="1.0" encoding="UTF-8"?>
<testng-results ignored="0" total="1" passed="1" failed="0" skipped="0">
  <reporter-output>
  </reporter-output>
  <suite started-at="2022-03-22T18:52:36 IST" name="Default suite" finished-at="2022-03-22T18:53:00 IST" duration-ms="24281">
    <groups>
    </groups>
    <test started-at="2022-03-22T18:52:36 IST" name="Default test" finished-at="2022-03-22T18:53:00 IST" duration-ms="24281">
      <class name="extentrepos.ExtentReport.ExtentReportDemo">
        <test-method is-config="true" signature="config()[pri:0, instance:extentrepos.ExtentReport.ExtentReportDemo@59fd97a8]" started-at="2022-03-22T18:52:36 IST" name="config" finished-at="2022-03-22T18:52:37 IST" duration-ms="1211" status="PASS">
          <reporter-output>
          </reporter-output>
        </test-method> <!-- config -->
        <test-method signature="initialDemo()[pri:0, instance:extentrepos.ExtentReport.ExtentReportDemo@59fd97a8]" started-at="2022-03-22T18:52:37 IST" name="initialDemo" finished-at="2022-03-22T18:53:00 IST" duration-ms="23004" status="PASS">
          <reporter-output>
          </reporter-output>
        </test-method> <!-- initialDemo -->
      </class> <!-- extentrepos.ExtentReport.ExtentReportDemo -->
    </test> <!-- Default test -->
  </suite> <!-- Default suite -->
</testng-results>
